[2025-11-25 21:19:39] Starting Airtable upload...
[2025-11-25 21:19:39] 
================================================================================
[2025-11-25 21:19:39] UPLOADING LENSES
[2025-11-25 21:19:39] ================================================================================
[2025-11-25 21:19:39] Uploading 5 lenses...
[2025-11-25 21:19:40]   ✓ Batch 1: 5 records created
[2025-11-25 21:19:40] ✓ 5 lenses uploaded

[2025-11-25 21:19:40] 
================================================================================
[2025-11-25 21:19:40] UPLOADING SOURCES
[2025-11-25 21:19:40] ================================================================================
[2025-11-25 21:19:40] Uploading 50 sources...
[2025-11-25 21:19:41]   ✓ Batch 1: 10 records created
[2025-11-25 21:19:42]   ✓ Batch 2: 10 records created
[2025-11-25 21:19:44]   ✓ Batch 3: 10 records created
[2025-11-25 21:19:45]   ✓ Batch 4: 10 records created
[2025-11-25 21:19:46]   ✓ Batch 5: 10 records created
[2025-11-25 21:19:46] ✓ 50 sources uploaded

[2025-11-25 21:19:46] 
================================================================================
[2025-11-25 21:19:46] UPLOADING METAS
[2025-11-25 21:19:46] ================================================================================
[2025-11-25 21:19:46] Uploading 5 METAS...
[2025-11-25 21:19:48]   ✓ Batch 1: 5 records created
[2025-11-25 21:19:48] ✓ 5 METAS uploaded

[2025-11-25 21:19:48] 
================================================================================
[2025-11-25 21:19:48] UPLOADING VARIATIONS
[2025-11-25 21:19:48] ================================================================================
[2025-11-25 21:19:48] Uploading 46 variations...
[2025-11-25 21:19:49]   ✓ Batch 1: 10 records created
[2025-11-25 21:19:51]   ✓ Batch 2: 10 records created
[2025-11-25 21:19:52]   ✓ Batch 3: 10 records created
[2025-11-25 21:19:53]   ✓ Batch 4: 10 records created
[2025-11-25 21:19:54]   ✓ Batch 5: 6 records created
[2025-11-25 21:19:55] ✓ 46 variations uploaded

[2025-11-25 21:19:55] 
================================================================================
[2025-11-25 21:19:55] UPLOADING PATTERNS
[2025-11-25 21:19:55] ================================================================================
[2025-11-25 21:19:55] Uploading 50 patterns...
[2025-11-25 21:19:56]   ✓ Batch 1: 10 records created
[2025-11-25 21:19:57]   ✓ Batch 2: 10 records created
[2025-11-25 21:19:59]   ✓ Batch 3: 10 records created
[2025-11-25 21:20:00]   ✓ Batch 4: 10 records created
[2025-11-25 21:20:01]   ✓ Batch 5: 10 records created
[2025-11-25 21:20:02] ✓ 50 patterns uploaded

[2025-11-25 21:20:02] 
================================================================================
[2025-11-25 21:20:02] SAVING ID MAPPINGS
[2025-11-25 21:20:02] ================================================================================
[2025-11-25 21:20:02]   Saved lens_id_map.json
[2025-11-25 21:20:02]   Saved source_id_map.json
[2025-11-25 21:20:02]   Saved meta_id_map.json
[2025-11-25 21:20:02]   Saved variation_id_map.json
[2025-11-25 21:20:02] 
================================================================================
[2025-11-25 21:20:02] UPLOAD COMPLETE!
[2025-11-25 21:20:02] ================================================================================
[2025-11-25 21:20:02] 
Log saved to: logs\upload_20251125_211939.log
[2025-11-25 21:20:02] Check Airtable to verify all records and links!
