================================================================================
PATTERN EXTRACTION LOG
================================================================================
Timestamp: 2025-11-25T17:10:33.019724
Duration: 0:00:00.277374

================================================================================
SUMMARY STATISTICS
================================================================================
Total files processed: 5
✓ Successful: 0
⊘ Skipped: 0
✗ Errors: 5
⚠ Warnings: 0

Data Extracted:
  - Total Patterns: 0
  - Total Variations: 0
  - Files with Summary: 0

================================================================================
ERRORS
================================================================================
✗ ..\new_extractions\BIOME\STEP 2\BELOVED BANG.docx
  Error: name 'has_summary' is not defined
✗ ..\new_extractions\BIOME\STEP 2\Convivencia, Philoxenia & Emotional Hosting.docx
  Error: name 'has_summary' is not defined
✗ ..\new_extractions\BIOME\STEP 2\Ecological & Microbial Consciousness One Wounded Biome.docx
  Error: name 'has_summary' is not defined
✗ ..\new_extractions\BIOME\STEP 2\GEN G Grace, Garden & Generative Generation.docx
  Error: name 'has_summary' is not defined
✗ ..\new_extractions\BIOME\STEP 2\PHILOXENIA.docx
  Error: name 'has_summary' is not defined

